[0.429s] DEBUG:colcon:Command line arguments: ['/usr/bin/colcon', 'list', '-p', '--base-paths', '/home/nvhmh/micro_ros_ws']
[0.429s] DEBUG:colcon:Parsed command line arguments: Namespace(log_base=None, log_level=None, verb_name='list', build_base='build', ignore_user_meta=False, metas=['./colcon.meta'], base_paths=['/home/nvhmh/micro_ros_ws'], packages_ignore=None, packages_ignore_regex=None, paths=None, packages_up_to=None, packages_up_to_regex=None, packages_above=None, packages_above_and_dependencies=None, packages_above_depth=None, packages_select_by_dep=None, packages_skip_by_dep=None, packages_skip_up_to=None, packages_select_build_failed=False, packages_skip_build_finished=False, packages_select_test_failures=False, packages_skip_test_passed=False, packages_select=None, packages_skip=None, packages_select_regex=None, packages_skip_regex=None, packages_start=None, packages_end=None, allow_overriding=[], topological_order=False, names_only=False, paths_only=True, topological_graph=False, topological_graph_dot=False, topological_graph_density=False, topological_graph_legend=False, topological_graph_dot_cluster=False, topological_graph_dot_include_skipped=False, verb_parser=<colcon_defaults.argument_parser.defaults.DefaultArgumentsDecorator object at 0x7f3b623229b0>, verb_extension=<colcon_package_information.verb.list.ListVerb object at 0x7f3b61d0ca90>, main=<bound method ListVerb.main of <colcon_package_information.verb.list.ListVerb object at 0x7f3b61d0ca90>>)
[0.497s] Level 1:colcon.colcon_core.package_discovery:discover_packages(colcon_meta) check parameters
[0.497s] Level 1:colcon.colcon_core.package_discovery:discover_packages(recursive) check parameters
[0.497s] Level 1:colcon.colcon_core.package_discovery:discover_packages(ignore) check parameters
[0.497s] Level 1:colcon.colcon_core.package_discovery:discover_packages(path) check parameters
[0.498s] Level 1:colcon.colcon_core.package_discovery:discover_packages(recursive) discover
[0.498s] INFO:colcon.colcon_core.package_discovery:Crawling recursively for packages in '/home/nvhmh/micro_ros_ws'
[0.498s] Level 1:colcon.colcon_core.package_identification:_identify(/home/nvhmh/micro_ros_ws) by extensions ['ignore', 'ignore_ament_install']
[0.498s] Level 1:colcon.colcon_core.package_identification:_identify(/home/nvhmh/micro_ros_ws) by extension 'ignore'
[0.498s] Level 1:colcon.colcon_core.package_identification:_identify(/home/nvhmh/micro_ros_ws) by extension 'ignore_ament_install'
[0.498s] Level 1:colcon.colcon_core.package_identification:_identify(/home/nvhmh/micro_ros_ws) by extensions ['colcon_pkg']
[0.498s] Level 1:colcon.colcon_core.package_identification:_identify(/home/nvhmh/micro_ros_ws) by extension 'colcon_pkg'
[0.498s] Level 1:colcon.colcon_core.package_identification:_identify(/home/nvhmh/micro_ros_ws) by extensions ['colcon_meta']
[0.498s] Level 1:colcon.colcon_core.package_identification:_identify(/home/nvhmh/micro_ros_ws) by extension 'colcon_meta'
[0.499s] Level 1:colcon.colcon_core.package_identification:_identify(/home/nvhmh/micro_ros_ws) by extensions ['ros']
[0.499s] Level 1:colcon.colcon_core.package_identification:_identify(/home/nvhmh/micro_ros_ws) by extension 'ros'
[0.525s] Level 1:colcon.colcon_core.package_identification:_identify(/home/nvhmh/micro_ros_ws) by extensions ['cmake', 'python']
[0.525s] Level 1:colcon.colcon_core.package_identification:_identify(/home/nvhmh/micro_ros_ws) by extension 'cmake'
[0.525s] Level 1:colcon.colcon_core.package_identification:_identify(/home/nvhmh/micro_ros_ws) by extension 'python'
[0.525s] Level 1:colcon.colcon_core.package_identification:_identify(/home/nvhmh/micro_ros_ws) by extensions ['python_setup_py']
[0.525s] Level 1:colcon.colcon_core.package_identification:_identify(/home/nvhmh/micro_ros_ws) by extension 'python_setup_py'
[0.529s] Level 1:colcon.colcon_core.package_identification:_identify(/home/nvhmh/micro_ros_ws/log) by extensions ['ignore', 'ignore_ament_install']
[0.530s] Level 1:colcon.colcon_core.package_identification:_identify(/home/nvhmh/micro_ros_ws/log) by extension 'ignore'
[0.530s] Level 1:colcon.colcon_core.package_identification:_identify(/home/nvhmh/micro_ros_ws/log) ignored
[0.530s] Level 1:colcon.colcon_core.package_identification:_identify(/home/nvhmh/micro_ros_ws/src) by extensions ['ignore', 'ignore_ament_install']
[0.530s] Level 1:colcon.colcon_core.package_identification:_identify(/home/nvhmh/micro_ros_ws/src) by extension 'ignore'
[0.530s] Level 1:colcon.colcon_core.package_identification:_identify(/home/nvhmh/micro_ros_ws/src) by extension 'ignore_ament_install'
[0.530s] Level 1:colcon.colcon_core.package_identification:_identify(/home/nvhmh/micro_ros_ws/src) by extensions ['colcon_pkg']
[0.530s] Level 1:colcon.colcon_core.package_identification:_identify(/home/nvhmh/micro_ros_ws/src) by extension 'colcon_pkg'
[0.530s] Level 1:colcon.colcon_core.package_identification:_identify(/home/nvhmh/micro_ros_ws/src) by extensions ['colcon_meta']
[0.530s] Level 1:colcon.colcon_core.package_identification:_identify(/home/nvhmh/micro_ros_ws/src) by extension 'colcon_meta'
[0.531s] Level 1:colcon.colcon_core.package_identification:_identify(/home/nvhmh/micro_ros_ws/src) by extensions ['ros']
[0.531s] Level 1:colcon.colcon_core.package_identification:_identify(/home/nvhmh/micro_ros_ws/src) by extension 'ros'
[0.531s] Level 1:colcon.colcon_core.package_identification:_identify(/home/nvhmh/micro_ros_ws/src) by extensions ['cmake', 'python']
[0.531s] Level 1:colcon.colcon_core.package_identification:_identify(/home/nvhmh/micro_ros_ws/src) by extension 'cmake'
[0.531s] Level 1:colcon.colcon_core.package_identification:_identify(/home/nvhmh/micro_ros_ws/src) by extension 'python'
[0.531s] Level 1:colcon.colcon_core.package_identification:_identify(/home/nvhmh/micro_ros_ws/src) by extensions ['python_setup_py']
[0.531s] Level 1:colcon.colcon_core.package_identification:_identify(/home/nvhmh/micro_ros_ws/src) by extension 'python_setup_py'
[0.531s] Level 1:colcon.colcon_core.package_identification:_identify(/home/nvhmh/micro_ros_ws/src/micro_ros_raspberrypi_pico_sdk) by extensions ['ignore', 'ignore_ament_install']
[0.531s] Level 1:colcon.colcon_core.package_identification:_identify(/home/nvhmh/micro_ros_ws/src/micro_ros_raspberrypi_pico_sdk) by extension 'ignore'
[0.531s] Level 1:colcon.colcon_core.package_identification:_identify(/home/nvhmh/micro_ros_ws/src/micro_ros_raspberrypi_pico_sdk) by extension 'ignore_ament_install'
[0.532s] Level 1:colcon.colcon_core.package_identification:_identify(/home/nvhmh/micro_ros_ws/src/micro_ros_raspberrypi_pico_sdk) by extensions ['colcon_pkg']
[0.532s] Level 1:colcon.colcon_core.package_identification:_identify(/home/nvhmh/micro_ros_ws/src/micro_ros_raspberrypi_pico_sdk) by extension 'colcon_pkg'
[0.532s] Level 1:colcon.colcon_core.package_identification:_identify(/home/nvhmh/micro_ros_ws/src/micro_ros_raspberrypi_pico_sdk) by extensions ['colcon_meta']
[0.532s] Level 1:colcon.colcon_core.package_identification:_identify(/home/nvhmh/micro_ros_ws/src/micro_ros_raspberrypi_pico_sdk) by extension 'colcon_meta'
[0.532s] Level 1:colcon.colcon_core.package_identification:_identify(/home/nvhmh/micro_ros_ws/src/micro_ros_raspberrypi_pico_sdk) by extensions ['ros']
[0.532s] Level 1:colcon.colcon_core.package_identification:_identify(/home/nvhmh/micro_ros_ws/src/micro_ros_raspberrypi_pico_sdk) by extension 'ros'
[0.536s] DEBUG:colcon.colcon_core.package_identification:Package '/home/nvhmh/micro_ros_ws/src/micro_ros_raspberrypi_pico_sdk' with type 'ros.catkin' and name 'micro_ros_raspberrypicosdk'
[0.536s] Level 1:colcon.colcon_core.package_identification:_identify(/home/nvhmh/micro_ros_ws/src/pico-sdk) by extensions ['ignore', 'ignore_ament_install']
[0.543s] Level 1:colcon.colcon_core.package_identification:_identify(/home/nvhmh/micro_ros_ws/src/pico-sdk) by extension 'ignore'
[0.543s] Level 1:colcon.colcon_core.package_identification:_identify(/home/nvhmh/micro_ros_ws/src/pico-sdk) by extension 'ignore_ament_install'
[0.544s] Level 1:colcon.colcon_core.package_identification:_identify(/home/nvhmh/micro_ros_ws/src/pico-sdk) by extensions ['colcon_pkg']
[0.544s] Level 1:colcon.colcon_core.package_identification:_identify(/home/nvhmh/micro_ros_ws/src/pico-sdk) by extension 'colcon_pkg'
[0.544s] Level 1:colcon.colcon_core.package_identification:_identify(/home/nvhmh/micro_ros_ws/src/pico-sdk) by extensions ['colcon_meta']
[0.544s] Level 1:colcon.colcon_core.package_identification:_identify(/home/nvhmh/micro_ros_ws/src/pico-sdk) by extension 'colcon_meta'
[0.544s] Level 1:colcon.colcon_core.package_identification:_identify(/home/nvhmh/micro_ros_ws/src/pico-sdk) by extensions ['ros']
[0.544s] Level 1:colcon.colcon_core.package_identification:_identify(/home/nvhmh/micro_ros_ws/src/pico-sdk) by extension 'ros'
[0.544s] Level 1:colcon.colcon_core.package_identification:_identify(/home/nvhmh/micro_ros_ws/src/pico-sdk) by extensions ['cmake', 'python']
[0.544s] Level 1:colcon.colcon_core.package_identification:_identify(/home/nvhmh/micro_ros_ws/src/pico-sdk) by extension 'cmake'
[1.252s] Level 1:colcon.colcon_core.package_identification:_identify(/home/nvhmh/micro_ros_ws/src/pico-sdk) by extension 'python'
[1.252s] DEBUG:colcon.colcon_core.package_identification:Package '/home/nvhmh/micro_ros_ws/src/pico-sdk' with type 'cmake' and name 'pico_sdk'
[1.252s] Level 1:colcon.colcon_core.package_discovery:discover_packages(recursive) using defaults
